


ARM Macro Assembler    Page 1 


    1 00000000         ;*******************************************************
                       *******************
    2 00000000         ;* @file     startup_at32f403a_407.s
    3 00000000         ;* @version  v2.1.2
    4 00000000         ;* @date     2022-08-16
    5 00000000         ;* @brief    at32f403a_407 startup file for keil
    6 00000000         ;* <<< Use Configuration Wizard in Context Menu >>>  
    7 00000000         ;*******************************************************
                       *******************
    8 00000000         ;
    9 00000000         
   10 00000000         ; Amount of memory (in bytes) allocated for Stack
   11 00000000         ; Tailor this value to your application needs
   12 00000000         ; <h> Stack Configuration
   13 00000000         ;   <o> Stack Size (in Bytes) <0x0-0xFFFFFFFF:8>
   14 00000000         ; </h>
   15 00000000         
   16 00000000 00002000 
                       Stack_Size
                               EQU              0x00002000
   17 00000000         
   18 00000000                 AREA             STACK, NOINIT, READWRITE, ALIGN
=3
   19 00000000         Stack_Mem
                               SPACE            Stack_Size
   20 00002000         __initial_sp
   21 00002000         
   22 00002000         ; <h> Heap Configuration
   23 00002000         ;   <o>  Heap Size (in Bytes) <0x0-0xFFFFFFFF:8>
   24 00002000         ; </h>
   25 00002000         
   26 00002000 00000600 
                       Heap_Size
                               EQU              0x00000600
   27 00002000         
   28 00002000                 AREA             HEAP, NOINIT, READWRITE, ALIGN=
3
   29 00000000         __heap_base
   30 00000000         Heap_Mem
                               SPACE            Heap_Size
   31 00000600         __heap_limit
   32 00000600         
   33 00000600                 PRESERVE8
   34 00000600                 THUMB
   35 00000600         
   36 00000600         
   37 00000600         ; Vector Table Mapped to Address 0 at Reset
   38 00000600                 AREA             RESET, DATA, READONLY
   39 00000000                 EXPORT           __Vectors
   40 00000000                 EXPORT           __Vectors_End
   41 00000000                 EXPORT           __Vectors_Size
   42 00000000         
   43 00000000 00000000 
                       __Vectors
                               DCD              __initial_sp ; Top of Stack
   44 00000004 00000000        DCD              Reset_Handler ; Reset Handler
   45 00000008 00000000        DCD              NMI_Handler ; NMI Handler
   46 0000000C 00000000        DCD              HardFault_Handler ; Hard Fault 
                                                            Handler



ARM Macro Assembler    Page 2 


   47 00000010 00000000        DCD              MemManage_Handler 
                                                            ; MPU Fault Handler
                                                            
   48 00000014 00000000        DCD              BusFault_Handler 
                                                            ; Bus Fault Handler
                                                            
   49 00000018 00000000        DCD              UsageFault_Handler ; Usage Faul
                                                            t Handler
   50 0000001C 00000000        DCD              0           ; Reserved
   51 00000020 00000000        DCD              0           ; Reserved
   52 00000024 00000000        DCD              0           ; Reserved
   53 00000028 00000000        DCD              0           ; Reserved
   54 0000002C 00000000        DCD              SVC_Handler ; SVCall Handler
   55 00000030 00000000        DCD              DebugMon_Handler ; Debug Monito
                                                            r Handler
   56 00000034 00000000        DCD              0           ; Reserved
   57 00000038 00000000        DCD              PendSV_Handler ; PendSV Handler
                                                            
   58 0000003C 00000000        DCD              SysTick_Handler 
                                                            ; SysTick Handler
   59 00000040         
   60 00000040         ; External Interrupts
   61 00000040 00000000        DCD              WWDT_IRQHandler ; Window Watchd
                                                            og Timer
   62 00000044 00000000        DCD              PVM_IRQHandler ; PVM through EX
                                                            INT Line detect
   63 00000048 00000000        DCD              TAMPER_IRQHandler ; Tamper
   64 0000004C 00000000        DCD              RTC_IRQHandler ; RTC
   65 00000050 00000000        DCD              FLASH_IRQHandler ; Flash
   66 00000054 00000000        DCD              CRM_IRQHandler ; CRM
   67 00000058 00000000        DCD              EXINT0_IRQHandler 
                                                            ; EXINT Line 0
   68 0000005C 00000000        DCD              EXINT1_IRQHandler 
                                                            ; EXINT Line 1
   69 00000060 00000000        DCD              EXINT2_IRQHandler 
                                                            ; EXINT Line 2
   70 00000064 00000000        DCD              EXINT3_IRQHandler 
                                                            ; EXINT Line 3
   71 00000068 00000000        DCD              EXINT4_IRQHandler 
                                                            ; EXINT Line 4
   72 0000006C 00000000        DCD              DMA1_Channel1_IRQHandler 
                                                            ; DMA1 Channel 1
   73 00000070 00000000        DCD              DMA1_Channel2_IRQHandler 
                                                            ; DMA1 Channel 2
   74 00000074 00000000        DCD              DMA1_Channel3_IRQHandler 
                                                            ; DMA1 Channel 3
   75 00000078 00000000        DCD              DMA1_Channel4_IRQHandler 
                                                            ; DMA1 Channel 4
   76 0000007C 00000000        DCD              DMA1_Channel5_IRQHandler 
                                                            ; DMA1 Channel 5
   77 00000080 00000000        DCD              DMA1_Channel6_IRQHandler 
                                                            ; DMA1 Channel 6
   78 00000084 00000000        DCD              DMA1_Channel7_IRQHandler 
                                                            ; DMA1 Channel 7
   79 00000088 00000000        DCD              ADC1_2_IRQHandler ; ADC1 & ADC2
                                                            
   80 0000008C 00000000        DCD              USBFS_H_CAN1_TX_IRQHandler ; US
                                                            B High Priority or 
                                                            CAN1 TX



ARM Macro Assembler    Page 3 


   81 00000090 00000000        DCD              USBFS_L_CAN1_RX0_IRQHandler ; U
                                                            SB Low  Priority or
                                                             CAN1 RX0
   82 00000094 00000000        DCD              CAN1_RX1_IRQHandler ; CAN1 RX1
   83 00000098 00000000        DCD              CAN1_SE_IRQHandler ; CAN1 SE
   84 0000009C 00000000        DCD              EXINT9_5_IRQHandler 
                                                            ; EXINT Line [9:5]
   85 000000A0 00000000        DCD              TMR1_BRK_TMR9_IRQHandler ; TMR1
                                                             Brake and TMR9
   86 000000A4 00000000        DCD              TMR1_OVF_TMR10_IRQHandler ; TMR
                                                            1 overflow and TMR1
                                                            0
   87 000000A8 00000000        DCD              TMR1_TRG_HALL_TMR11_IRQHandler 
                                                            ; TMR1 Trigger and 
                                                            hall and TMR11
   88 000000AC 00000000        DCD              TMR1_CH_IRQHandler 
                                                            ; TMR1 channel
   89 000000B0 00000000        DCD              TMR2_GLOBAL_IRQHandler ; TMR2
   90 000000B4 00000000        DCD              TMR3_GLOBAL_IRQHandler ; TMR3
   91 000000B8 00000000        DCD              TMR4_GLOBAL_IRQHandler ; TMR4
   92 000000BC 00000000        DCD              I2C1_EVT_IRQHandler 
                                                            ; I2C1 Event
   93 000000C0 00000000        DCD              I2C1_ERR_IRQHandler 
                                                            ; I2C1 Error
   94 000000C4 00000000        DCD              I2C2_EVT_IRQHandler 
                                                            ; I2C2 Event
   95 000000C8 00000000        DCD              I2C2_ERR_IRQHandler 
                                                            ; I2C2 Error
   96 000000CC 00000000        DCD              SPI1_IRQHandler ; SPI1
   97 000000D0 00000000        DCD              SPI2_I2S2EXT_IRQHandler 
                                                            ; SPI2 & I2S2EXT
   98 000000D4 00000000        DCD              USART1_IRQHandler ; USART1
   99 000000D8 00000000        DCD              USART2_IRQHandler ; USART2
  100 000000DC 00000000        DCD              USART3_IRQHandler ; USART3
  101 000000E0 00000000        DCD              EXINT15_10_IRQHandler ; EXINT L
                                                            ine [15:10]
  102 000000E4 00000000        DCD              RTCAlarm_IRQHandler ; RTC Alarm
                                                             through EXINT Line
                                                            
  103 000000E8 00000000        DCD              USBFSWakeUp_IRQHandler ; USB Wa
                                                            keup from suspend
  104 000000EC 00000000        DCD              TMR8_BRK_TMR12_IRQHandler ; TMR
                                                            8 Brake and TMR12
  105 000000F0 00000000        DCD              TMR8_OVF_TMR13_IRQHandler ; TMR
                                                            8 overflow and TMR1
                                                            3
  106 000000F4 00000000        DCD              TMR8_TRG_HALL_TMR14_IRQHandler 
                                                            ; TMR8 Trigger and 
                                                            hall and TMR14
  107 000000F8 00000000        DCD              TMR8_CH_IRQHandler 
                                                            ; TMR8 channel
  108 000000FC 00000000        DCD              ADC3_IRQHandler ; ADC3
  109 00000100 00000000        DCD              XMC_IRQHandler ; XMC
  110 00000104 00000000        DCD              SDIO1_IRQHandler ; SDIO1
  111 00000108 00000000        DCD              TMR5_GLOBAL_IRQHandler ; TMR5
  112 0000010C 00000000        DCD              SPI3_I2S3EXT_IRQHandler 
                                                            ; SPI3 & I2S3EXT
  113 00000110 00000000        DCD              UART4_IRQHandler ; UART4
  114 00000114 00000000        DCD              UART5_IRQHandler ; UART5



ARM Macro Assembler    Page 4 


  115 00000118 00000000        DCD              TMR6_GLOBAL_IRQHandler ; TMR6
  116 0000011C 00000000        DCD              TMR7_GLOBAL_IRQHandler ; TMR7
  117 00000120 00000000        DCD              DMA2_Channel1_IRQHandler 
                                                            ; DMA2 Channel1
  118 00000124 00000000        DCD              DMA2_Channel2_IRQHandler 
                                                            ; DMA2 Channel2
  119 00000128 00000000        DCD              DMA2_Channel3_IRQHandler 
                                                            ; DMA2 Channel3
  120 0000012C 00000000        DCD              DMA2_Channel4_5_IRQHandler ; DM
                                                            A2 Channel4 & Chann
                                                            el5
  121 00000130 00000000        DCD              SDIO2_IRQHandler ; SDIO2
  122 00000134 00000000        DCD              I2C3_EVT_IRQHandler 
                                                            ; I2C3 Event
  123 00000138 00000000        DCD              I2C3_ERR_IRQHandler 
                                                            ; I2C3 Error
  124 0000013C 00000000        DCD              SPI4_IRQHandler ; SPI4
  125 00000140 00000000        DCD              0           ; Reserved
  126 00000144 00000000        DCD              0           ; Reserved
  127 00000148 00000000        DCD              0           ; Reserved
  128 0000014C 00000000        DCD              0           ; Reserved
  129 00000150 00000000        DCD              CAN2_TX_IRQHandler ; CAN2 TX
  130 00000154 00000000        DCD              CAN2_RX0_IRQHandler ; CAN2 RX0
  131 00000158 00000000        DCD              CAN2_RX1_IRQHandler ; CAN2 RX1
  132 0000015C 00000000        DCD              CAN2_SE_IRQHandler ; CAN2 SE
  133 00000160 00000000        DCD              ACC_IRQHandler ; ACC
  134 00000164 00000000        DCD              USBFS_MAPH_IRQHandler 
                                                            ; USB Map High
  135 00000168 00000000        DCD              USBFS_MAPL_IRQHandler 
                                                            ; USB Map Low
  136 0000016C 00000000        DCD              DMA2_Channel6_7_IRQHandler ; DM
                                                            A2 Channel6 & Chann
                                                            el7
  137 00000170 00000000        DCD              USART6_IRQHandler ; USART6
  138 00000174 00000000        DCD              UART7_IRQHandler ; UART7
  139 00000178 00000000        DCD              UART8_IRQHandler ; UART8
  140 0000017C 00000000        DCD              EMAC_IRQHandler ; EMAC
  141 00000180 00000000        DCD              EMAC_WKUP_IRQHandler 
                                                            ; EMAC_WKUP
  142 00000184         __Vectors_End
  143 00000184         
  144 00000184 00000184 
                       __Vectors_Size
                               EQU              __Vectors_End - __Vectors
  145 00000184         
  146 00000184                 AREA             |.text|, CODE, READONLY
  147 00000000         
  148 00000000         ; Reset handler
  149 00000000         Reset_Handler
                               PROC
  150 00000000                 EXPORT           Reset_Handler                  
     [WEAK]
  151 00000000                 IMPORT           __main
  152 00000000                 IMPORT           SystemInit
  153 00000000         
  154 00000000         
  155 00000000                 IMPORT           Extend_SRAM
  156 00000000 F241 0000 
              F2C2 0000        MOV32            R0, #0x20001000



ARM Macro Assembler    Page 5 


  157 00000008 4685            MOV              SP, R0
  158 0000000A 480E            LDR              R0, =Extend_SRAM
  159 0000000C 4780            BLX              R0
  160 0000000E F240 0000 
              F6C0 0000        MOV32            R0, #0x08000000
  161 00000016 F8D0 D000       LDR              SP, [R0]
  162 0000001A         
  163 0000001A         
  164 0000001A 480B            LDR              R0, =SystemInit
  165 0000001C 4780            BLX              R0
  166 0000001E 480B            LDR              R0, =__main
  167 00000020 4700            BX               R0
  168 00000022                 ENDP
  169 00000022         
  170 00000022         ; Dummy Exception Handlers (infinite loops which can be 
                       modified)
  171 00000022         
  172 00000022         NMI_Handler
                               PROC
  173 00000022                 EXPORT           NMI_Handler                    
     [WEAK]
  174 00000022 E7FE            B                .
  175 00000024                 ENDP
  177 00000024         HardFault_Handler
                               PROC
  178 00000024                 EXPORT           HardFault_Handler              
     [WEAK]
  179 00000024 E7FE            B                .
  180 00000026                 ENDP
  182 00000026         MemManage_Handler
                               PROC
  183 00000026                 EXPORT           MemManage_Handler              
     [WEAK]
  184 00000026 E7FE            B                .
  185 00000028                 ENDP
  187 00000028         BusFault_Handler
                               PROC
  188 00000028                 EXPORT           BusFault_Handler               
     [WEAK]
  189 00000028 E7FE            B                .
  190 0000002A                 ENDP
  192 0000002A         UsageFault_Handler
                               PROC
  193 0000002A                 EXPORT           UsageFault_Handler             
     [WEAK]
  194 0000002A E7FE            B                .
  195 0000002C                 ENDP
  196 0000002C         SVC_Handler
                               PROC
  197 0000002C                 EXPORT           SVC_Handler                    
     [WEAK]
  198 0000002C E7FE            B                .
  199 0000002E                 ENDP
  201 0000002E         DebugMon_Handler
                               PROC
  202 0000002E                 EXPORT           DebugMon_Handler               
     [WEAK]
  203 0000002E E7FE            B                .
  204 00000030                 ENDP



ARM Macro Assembler    Page 6 


  205 00000030         PendSV_Handler
                               PROC
  206 00000030                 EXPORT           PendSV_Handler                 
     [WEAK]
  207 00000030 E7FE            B                .
  208 00000032                 ENDP
  209 00000032         SysTick_Handler
                               PROC
  210 00000032                 EXPORT           SysTick_Handler                
     [WEAK]
  211 00000032 E7FE            B                .
  212 00000034                 ENDP
  213 00000034         
  214 00000034         Default_Handler
                               PROC
  215 00000034         
  216 00000034                 EXPORT           WWDT_IRQHandler                
     [WEAK]
  217 00000034                 EXPORT           PVM_IRQHandler                 
     [WEAK]
  218 00000034                 EXPORT           TAMPER_IRQHandler              
     [WEAK]
  219 00000034                 EXPORT           RTC_IRQHandler                 
     [WEAK]
  220 00000034                 EXPORT           FLASH_IRQHandler               
     [WEAK]
  221 00000034                 EXPORT           CRM_IRQHandler                 
     [WEAK]
  222 00000034                 EXPORT           EXINT0_IRQHandler              
     [WEAK]
  223 00000034                 EXPORT           EXINT1_IRQHandler              
     [WEAK]
  224 00000034                 EXPORT           EXINT2_IRQHandler              
     [WEAK]
  225 00000034                 EXPORT           EXINT3_IRQHandler              
     [WEAK]
  226 00000034                 EXPORT           EXINT4_IRQHandler              
     [WEAK]
  227 00000034                 EXPORT           DMA1_Channel1_IRQHandler       
     [WEAK]
  228 00000034                 EXPORT           DMA1_Channel2_IRQHandler       
     [WEAK]
  229 00000034                 EXPORT           DMA1_Channel3_IRQHandler       
     [WEAK]
  230 00000034                 EXPORT           DMA1_Channel4_IRQHandler       
     [WEAK]
  231 00000034                 EXPORT           DMA1_Channel5_IRQHandler       
     [WEAK]
  232 00000034                 EXPORT           DMA1_Channel6_IRQHandler       
     [WEAK]
  233 00000034                 EXPORT           DMA1_Channel7_IRQHandler       
     [WEAK]
  234 00000034                 EXPORT           ADC1_2_IRQHandler              
     [WEAK]
  235 00000034                 EXPORT           USBFS_H_CAN1_TX_IRQHandler     
     [WEAK]
  236 00000034                 EXPORT           USBFS_L_CAN1_RX0_IRQHandler    
     [WEAK]
  237 00000034                 EXPORT           CAN1_RX1_IRQHandler            



ARM Macro Assembler    Page 7 


     [WEAK]
  238 00000034                 EXPORT           CAN1_SE_IRQHandler             
     [WEAK]
  239 00000034                 EXPORT           EXINT9_5_IRQHandler            
     [WEAK]
  240 00000034                 EXPORT           TMR1_BRK_TMR9_IRQHandler       
     [WEAK]
  241 00000034                 EXPORT           TMR1_OVF_TMR10_IRQHandler      
     [WEAK]
  242 00000034                 EXPORT           TMR1_TRG_HALL_TMR11_IRQHandler 
     [WEAK]
  243 00000034                 EXPORT           TMR1_CH_IRQHandler             
     [WEAK]
  244 00000034                 EXPORT           TMR2_GLOBAL_IRQHandler         
     [WEAK]
  245 00000034                 EXPORT           TMR3_GLOBAL_IRQHandler         
     [WEAK]
  246 00000034                 EXPORT           TMR4_GLOBAL_IRQHandler         
     [WEAK]
  247 00000034                 EXPORT           I2C1_EVT_IRQHandler            
     [WEAK]
  248 00000034                 EXPORT           I2C1_ERR_IRQHandler            
     [WEAK]
  249 00000034                 EXPORT           I2C2_EVT_IRQHandler            
     [WEAK]
  250 00000034                 EXPORT           I2C2_ERR_IRQHandler            
     [WEAK]
  251 00000034                 EXPORT           SPI1_IRQHandler                
     [WEAK]
  252 00000034                 EXPORT           SPI2_I2S2EXT_IRQHandler        
     [WEAK]
  253 00000034                 EXPORT           USART1_IRQHandler              
     [WEAK]
  254 00000034                 EXPORT           USART2_IRQHandler              
     [WEAK]
  255 00000034                 EXPORT           USART3_IRQHandler              
     [WEAK]
  256 00000034                 EXPORT           EXINT15_10_IRQHandler          
     [WEAK]
  257 00000034                 EXPORT           RTCAlarm_IRQHandler            
     [WEAK]
  258 00000034                 EXPORT           USBFSWakeUp_IRQHandler         
     [WEAK]
  259 00000034                 EXPORT           TMR8_BRK_TMR12_IRQHandler      
     [WEAK]
  260 00000034                 EXPORT           TMR8_OVF_TMR13_IRQHandler      
     [WEAK]
  261 00000034                 EXPORT           TMR8_TRG_HALL_TMR14_IRQHandler 
     [WEAK]
  262 00000034                 EXPORT           TMR8_CH_IRQHandler             
     [WEAK]
  263 00000034                 EXPORT           ADC3_IRQHandler                
     [WEAK]
  264 00000034                 EXPORT           XMC_IRQHandler                 
     [WEAK]
  265 00000034                 EXPORT           SDIO1_IRQHandler               
     [WEAK]
  266 00000034                 EXPORT           TMR5_GLOBAL_IRQHandler         
     [WEAK]



ARM Macro Assembler    Page 8 


  267 00000034                 EXPORT           SPI3_I2S3EXT_IRQHandler        
     [WEAK]
  268 00000034                 EXPORT           UART4_IRQHandler               
     [WEAK]
  269 00000034                 EXPORT           UART5_IRQHandler               
     [WEAK]
  270 00000034                 EXPORT           TMR6_GLOBAL_IRQHandler         
     [WEAK]
  271 00000034                 EXPORT           TMR7_GLOBAL_IRQHandler         
     [WEAK]
  272 00000034                 EXPORT           DMA2_Channel1_IRQHandler       
     [WEAK]
  273 00000034                 EXPORT           DMA2_Channel2_IRQHandler       
     [WEAK]
  274 00000034                 EXPORT           DMA2_Channel3_IRQHandler       
     [WEAK]
  275 00000034                 EXPORT           DMA2_Channel4_5_IRQHandler     
     [WEAK]
  276 00000034                 EXPORT           SDIO2_IRQHandler               
     [WEAK]
  277 00000034                 EXPORT           I2C3_EVT_IRQHandler            
     [WEAK]
  278 00000034                 EXPORT           I2C3_ERR_IRQHandler            
     [WEAK]
  279 00000034                 EXPORT           SPI4_IRQHandler                
     [WEAK]
  280 00000034                 EXPORT           CAN2_TX_IRQHandler             
     [WEAK]
  281 00000034                 EXPORT           CAN2_RX0_IRQHandler            
     [WEAK]
  282 00000034                 EXPORT           CAN2_RX1_IRQHandler            
     [WEAK]
  283 00000034                 EXPORT           CAN2_SE_IRQHandler             
     [WEAK]
  284 00000034                 EXPORT           ACC_IRQHandler                 
     [WEAK]
  285 00000034                 EXPORT           USBFS_MAPH_IRQHandler          
     [WEAK]
  286 00000034                 EXPORT           USBFS_MAPL_IRQHandler          
     [WEAK]
  287 00000034                 EXPORT           DMA2_Channel6_7_IRQHandler     
     [WEAK]
  288 00000034                 EXPORT           USART6_IRQHandler              
     [WEAK]
  289 00000034                 EXPORT           UART7_IRQHandler               
     [WEAK]
  290 00000034                 EXPORT           UART8_IRQHandler               
     [WEAK]
  291 00000034                 EXPORT           EMAC_IRQHandler                
     [WEAK]
  292 00000034                 EXPORT           EMAC_WKUP_IRQHandler           
     [WEAK]
  293 00000034         
  294 00000034         WWDT_IRQHandler
  295 00000034         PVM_IRQHandler
  296 00000034         TAMPER_IRQHandler
  297 00000034         RTC_IRQHandler
  298 00000034         FLASH_IRQHandler
  299 00000034         CRM_IRQHandler



ARM Macro Assembler    Page 9 


  300 00000034         EXINT0_IRQHandler
  301 00000034         EXINT1_IRQHandler
  302 00000034         EXINT2_IRQHandler
  303 00000034         EXINT3_IRQHandler
  304 00000034         EXINT4_IRQHandler
  305 00000034         DMA1_Channel1_IRQHandler
  306 00000034         DMA1_Channel2_IRQHandler
  307 00000034         DMA1_Channel3_IRQHandler
  308 00000034         DMA1_Channel4_IRQHandler
  309 00000034         DMA1_Channel5_IRQHandler
  310 00000034         DMA1_Channel6_IRQHandler
  311 00000034         DMA1_Channel7_IRQHandler
  312 00000034         ADC1_2_IRQHandler
  313 00000034         USBFS_H_CAN1_TX_IRQHandler
  314 00000034         USBFS_L_CAN1_RX0_IRQHandler
  315 00000034         CAN1_RX1_IRQHandler
  316 00000034         CAN1_SE_IRQHandler
  317 00000034         EXINT9_5_IRQHandler
  318 00000034         TMR1_BRK_TMR9_IRQHandler
  319 00000034         TMR1_OVF_TMR10_IRQHandler
  320 00000034         TMR1_TRG_HALL_TMR11_IRQHandler
  321 00000034         TMR1_CH_IRQHandler
  322 00000034         TMR2_GLOBAL_IRQHandler
  323 00000034         TMR3_GLOBAL_IRQHandler
  324 00000034         TMR4_GLOBAL_IRQHandler
  325 00000034         I2C1_EVT_IRQHandler
  326 00000034         I2C1_ERR_IRQHandler
  327 00000034         I2C2_EVT_IRQHandler
  328 00000034         I2C2_ERR_IRQHandler
  329 00000034         SPI1_IRQHandler
  330 00000034         SPI2_I2S2EXT_IRQHandler
  331 00000034         USART1_IRQHandler
  332 00000034         USART2_IRQHandler
  333 00000034         USART3_IRQHandler
  334 00000034         EXINT15_10_IRQHandler
  335 00000034         RTCAlarm_IRQHandler
  336 00000034         USBFSWakeUp_IRQHandler
  337 00000034         TMR8_BRK_TMR12_IRQHandler
  338 00000034         TMR8_OVF_TMR13_IRQHandler
  339 00000034         TMR8_TRG_HALL_TMR14_IRQHandler
  340 00000034         TMR8_CH_IRQHandler
  341 00000034         ADC3_IRQHandler
  342 00000034         XMC_IRQHandler
  343 00000034         SDIO1_IRQHandler
  344 00000034         TMR5_GLOBAL_IRQHandler
  345 00000034         SPI3_I2S3EXT_IRQHandler
  346 00000034         UART4_IRQHandler
  347 00000034         UART5_IRQHandler
  348 00000034         TMR6_GLOBAL_IRQHandler
  349 00000034         TMR7_GLOBAL_IRQHandler
  350 00000034         DMA2_Channel1_IRQHandler
  351 00000034         DMA2_Channel2_IRQHandler
  352 00000034         DMA2_Channel3_IRQHandler
  353 00000034         DMA2_Channel4_5_IRQHandler
  354 00000034         SDIO2_IRQHandler
  355 00000034         I2C3_EVT_IRQHandler
  356 00000034         I2C3_ERR_IRQHandler
  357 00000034         SPI4_IRQHandler
  358 00000034         CAN2_TX_IRQHandler



ARM Macro Assembler    Page 10 


  359 00000034         CAN2_RX0_IRQHandler
  360 00000034         CAN2_RX1_IRQHandler
  361 00000034         CAN2_SE_IRQHandler
  362 00000034         ACC_IRQHandler
  363 00000034         USBFS_MAPH_IRQHandler
  364 00000034         USBFS_MAPL_IRQHandler
  365 00000034         DMA2_Channel6_7_IRQHandler
  366 00000034         USART6_IRQHandler
  367 00000034         UART7_IRQHandler
  368 00000034         UART8_IRQHandler
  369 00000034         EMAC_IRQHandler
  370 00000034         EMAC_WKUP_IRQHandler
  371 00000034 E7FE            B                .
  372 00000036         
  373 00000036                 ENDP
  374 00000036         
  375 00000036 00 00           ALIGN
  376 00000038         
  377 00000038         ;*******************************************************
                       ************************
  378 00000038         ; User Stack and Heap initialization
  379 00000038         ;*******************************************************
                       ************************
  380 00000038                 IF               :DEF:__MICROLIB
  387 00000038         
  388 00000038                 IMPORT           __use_two_region_memory
  389 00000038                 EXPORT           __user_initial_stackheap
  390 00000038         
  391 00000038         __user_initial_stackheap
  392 00000038         
  393 00000038 4805            LDR              R0, = Heap_Mem
  394 0000003A 4906            LDR              R1, = (Stack_Mem + Stack_Size)
  395 0000003C 4A06            LDR              R2, = (Heap_Mem +  Heap_Size)
  396 0000003E 4B07            LDR              R3, = Stack_Mem
  397 00000040 4770            BX               LR
  398 00000042         
  399 00000042 00 00           ALIGN
  400 00000044         
  401 00000044                 ENDIF
  402 00000044         
  403 00000044                 END
              00000000 
              00000000 
              00000000 
              00000000 
              00002000 
              00000600 
              00000000 
Command Line: --debug --xref --diag_suppress=9931 --cpu=Cortex-M4.fp.sp --apcs=
interwork --depend=.\objects\startup_at32f403a_407.d -o.\objects\startup_at32f4
03a_407.o -IC:\Users\lenovo\AppData\Local\Arm\Packs\ArteryTek\AT32F403A_407_DFP
\2.1.2\Device\Include --predefine="__UVISION_VERSION SETA 535" --predefine="AT3
2F403ACGT7 SETA 1" --list=.\listings\startup_at32f403a_407.lst ..\libraries\cms
is\cm4\device_support\startup\mdk\startup_at32f403a_407.s



ARM Macro Assembler    Page 1 Alphabetic symbol ordering
Relocatable symbols

STACK 00000000

Symbol: STACK
   Definitions
      At line 18 in file ..\libraries\cmsis\cm4\device_support\startup\mdk\star
tup_at32f403a_407.s
   Uses
      None
Comment: STACK unused
Stack_Mem 00000000

Symbol: Stack_Mem
   Definitions
      At line 19 in file ..\libraries\cmsis\cm4\device_support\startup\mdk\star
tup_at32f403a_407.s
   Uses
      At line 394 in file ..\libraries\cmsis\cm4\device_support\startup\mdk\sta
rtup_at32f403a_407.s
      At line 396 in file ..\libraries\cmsis\cm4\device_support\startup\mdk\sta
rtup_at32f403a_407.s

__initial_sp 00002000

Symbol: __initial_sp
   Definitions
      At line 20 in file ..\libraries\cmsis\cm4\device_support\startup\mdk\star
tup_at32f403a_407.s
   Uses
      At line 43 in file ..\libraries\cmsis\cm4\device_support\startup\mdk\star
tup_at32f403a_407.s
Comment: __initial_sp used once
3 symbols



ARM Macro Assembler    Page 1 Alphabetic symbol ordering
Relocatable symbols

HEAP 00000000

Symbol: HEAP
   Definitions
      At line 28 in file ..\libraries\cmsis\cm4\device_support\startup\mdk\star
tup_at32f403a_407.s
   Uses
      None
Comment: HEAP unused
Heap_Mem 00000000

Symbol: Heap_Mem
   Definitions
      At line 30 in file ..\libraries\cmsis\cm4\device_support\startup\mdk\star
tup_at32f403a_407.s
   Uses
      At line 393 in file ..\libraries\cmsis\cm4\device_support\startup\mdk\sta
rtup_at32f403a_407.s
      At line 395 in file ..\libraries\cmsis\cm4\device_support\startup\mdk\sta
rtup_at32f403a_407.s

__heap_base 00000000

Symbol: __heap_base
   Definitions
      At line 29 in file ..\libraries\cmsis\cm4\device_support\startup\mdk\star
tup_at32f403a_407.s
   Uses
      None
Comment: __heap_base unused
__heap_limit 00000600

Symbol: __heap_limit
   Definitions
      At line 31 in file ..\libraries\cmsis\cm4\device_support\startup\mdk\star
tup_at32f403a_407.s
   Uses
      None
Comment: __heap_limit unused
4 symbols



ARM Macro Assembler    Page 1 Alphabetic symbol ordering
Relocatable symbols

RESET 00000000

Symbol: RESET
   Definitions
      At line 38 in file ..\libraries\cmsis\cm4\device_support\startup\mdk\star
tup_at32f403a_407.s
   Uses
      None
Comment: RESET unused
__Vectors 00000000

Symbol: __Vectors
   Definitions
      At line 43 in file ..\libraries\cmsis\cm4\device_support\startup\mdk\star
tup_at32f403a_407.s
   Uses
      At line 39 in file ..\libraries\cmsis\cm4\device_support\startup\mdk\star
tup_at32f403a_407.s
      At line 144 in file ..\libraries\cmsis\cm4\device_support\startup\mdk\sta
rtup_at32f403a_407.s

__Vectors_End 00000184

Symbol: __Vectors_End
   Definitions
      At line 142 in file ..\libraries\cmsis\cm4\device_support\startup\mdk\sta
rtup_at32f403a_407.s
   Uses
      At line 40 in file ..\libraries\cmsis\cm4\device_support\startup\mdk\star
tup_at32f403a_407.s
      At line 144 in file ..\libraries\cmsis\cm4\device_support\startup\mdk\sta
rtup_at32f403a_407.s

3 symbols



ARM Macro Assembler    Page 1 Alphabetic symbol ordering
Relocatable symbols

.text 00000000

Symbol: .text
   Definitions
      At line 146 in file ..\libraries\cmsis\cm4\device_support\startup\mdk\sta
rtup_at32f403a_407.s
   Uses
      None
Comment: .text unused
ACC_IRQHandler 00000034

Symbol: ACC_IRQHandler
   Definitions
      At line 362 in file ..\libraries\cmsis\cm4\device_support\startup\mdk\sta
rtup_at32f403a_407.s
   Uses
      At line 133 in file ..\libraries\cmsis\cm4\device_support\startup\mdk\sta
rtup_at32f403a_407.s
      At line 284 in file ..\libraries\cmsis\cm4\device_support\startup\mdk\sta
rtup_at32f403a_407.s

ADC1_2_IRQHandler 00000034

Symbol: ADC1_2_IRQHandler
   Definitions
      At line 312 in file ..\libraries\cmsis\cm4\device_support\startup\mdk\sta
rtup_at32f403a_407.s
   Uses
      At line 79 in file ..\libraries\cmsis\cm4\device_support\startup\mdk\star
tup_at32f403a_407.s
      At line 234 in file ..\libraries\cmsis\cm4\device_support\startup\mdk\sta
rtup_at32f403a_407.s

ADC3_IRQHandler 00000034

Symbol: ADC3_IRQHandler
   Definitions
      At line 341 in file ..\libraries\cmsis\cm4\device_support\startup\mdk\sta
rtup_at32f403a_407.s
   Uses
      At line 108 in file ..\libraries\cmsis\cm4\device_support\startup\mdk\sta
rtup_at32f403a_407.s
      At line 263 in file ..\libraries\cmsis\cm4\device_support\startup\mdk\sta
rtup_at32f403a_407.s

BusFault_Handler 00000028

Symbol: BusFault_Handler
   Definitions
      At line 187 in file ..\libraries\cmsis\cm4\device_support\startup\mdk\sta
rtup_at32f403a_407.s
   Uses
      At line 48 in file ..\libraries\cmsis\cm4\device_support\startup\mdk\star
tup_at32f403a_407.s
      At line 188 in file ..\libraries\cmsis\cm4\device_support\startup\mdk\sta
rtup_at32f403a_407.s

CAN1_RX1_IRQHandler 00000034




ARM Macro Assembler    Page 2 Alphabetic symbol ordering
Relocatable symbols

Symbol: CAN1_RX1_IRQHandler
   Definitions
      At line 315 in file ..\libraries\cmsis\cm4\device_support\startup\mdk\sta
rtup_at32f403a_407.s
   Uses
      At line 82 in file ..\libraries\cmsis\cm4\device_support\startup\mdk\star
tup_at32f403a_407.s
      At line 237 in file ..\libraries\cmsis\cm4\device_support\startup\mdk\sta
rtup_at32f403a_407.s

CAN1_SE_IRQHandler 00000034

Symbol: CAN1_SE_IRQHandler
   Definitions
      At line 316 in file ..\libraries\cmsis\cm4\device_support\startup\mdk\sta
rtup_at32f403a_407.s
   Uses
      At line 83 in file ..\libraries\cmsis\cm4\device_support\startup\mdk\star
tup_at32f403a_407.s
      At line 238 in file ..\libraries\cmsis\cm4\device_support\startup\mdk\sta
rtup_at32f403a_407.s

CAN2_RX0_IRQHandler 00000034

Symbol: CAN2_RX0_IRQHandler
   Definitions
      At line 359 in file ..\libraries\cmsis\cm4\device_support\startup\mdk\sta
rtup_at32f403a_407.s
   Uses
      At line 130 in file ..\libraries\cmsis\cm4\device_support\startup\mdk\sta
rtup_at32f403a_407.s
      At line 281 in file ..\libraries\cmsis\cm4\device_support\startup\mdk\sta
rtup_at32f403a_407.s

CAN2_RX1_IRQHandler 00000034

Symbol: CAN2_RX1_IRQHandler
   Definitions
      At line 360 in file ..\libraries\cmsis\cm4\device_support\startup\mdk\sta
rtup_at32f403a_407.s
   Uses
      At line 131 in file ..\libraries\cmsis\cm4\device_support\startup\mdk\sta
rtup_at32f403a_407.s
      At line 282 in file ..\libraries\cmsis\cm4\device_support\startup\mdk\sta
rtup_at32f403a_407.s

CAN2_SE_IRQHandler 00000034

Symbol: CAN2_SE_IRQHandler
   Definitions
      At line 361 in file ..\libraries\cmsis\cm4\device_support\startup\mdk\sta
rtup_at32f403a_407.s
   Uses
      At line 132 in file ..\libraries\cmsis\cm4\device_support\startup\mdk\sta
rtup_at32f403a_407.s
      At line 283 in file ..\libraries\cmsis\cm4\device_support\startup\mdk\sta
rtup_at32f403a_407.s

CAN2_TX_IRQHandler 00000034



ARM Macro Assembler    Page 3 Alphabetic symbol ordering
Relocatable symbols


Symbol: CAN2_TX_IRQHandler
   Definitions
      At line 358 in file ..\libraries\cmsis\cm4\device_support\startup\mdk\sta
rtup_at32f403a_407.s
   Uses
      At line 129 in file ..\libraries\cmsis\cm4\device_support\startup\mdk\sta
rtup_at32f403a_407.s
      At line 280 in file ..\libraries\cmsis\cm4\device_support\startup\mdk\sta
rtup_at32f403a_407.s

CRM_IRQHandler 00000034

Symbol: CRM_IRQHandler
   Definitions
      At line 299 in file ..\libraries\cmsis\cm4\device_support\startup\mdk\sta
rtup_at32f403a_407.s
   Uses
      At line 66 in file ..\libraries\cmsis\cm4\device_support\startup\mdk\star
tup_at32f403a_407.s
      At line 221 in file ..\libraries\cmsis\cm4\device_support\startup\mdk\sta
rtup_at32f403a_407.s

DMA1_Channel1_IRQHandler 00000034

Symbol: DMA1_Channel1_IRQHandler
   Definitions
      At line 305 in file ..\libraries\cmsis\cm4\device_support\startup\mdk\sta
rtup_at32f403a_407.s
   Uses
      At line 72 in file ..\libraries\cmsis\cm4\device_support\startup\mdk\star
tup_at32f403a_407.s
      At line 227 in file ..\libraries\cmsis\cm4\device_support\startup\mdk\sta
rtup_at32f403a_407.s

DMA1_Channel2_IRQHandler 00000034

Symbol: DMA1_Channel2_IRQHandler
   Definitions
      At line 306 in file ..\libraries\cmsis\cm4\device_support\startup\mdk\sta
rtup_at32f403a_407.s
   Uses
      At line 73 in file ..\libraries\cmsis\cm4\device_support\startup\mdk\star
tup_at32f403a_407.s
      At line 228 in file ..\libraries\cmsis\cm4\device_support\startup\mdk\sta
rtup_at32f403a_407.s

DMA1_Channel3_IRQHandler 00000034

Symbol: DMA1_Channel3_IRQHandler
   Definitions
      At line 307 in file ..\libraries\cmsis\cm4\device_support\startup\mdk\sta
rtup_at32f403a_407.s
   Uses
      At line 74 in file ..\libraries\cmsis\cm4\device_support\startup\mdk\star
tup_at32f403a_407.s
      At line 229 in file ..\libraries\cmsis\cm4\device_support\startup\mdk\sta
rtup_at32f403a_407.s




ARM Macro Assembler    Page 4 Alphabetic symbol ordering
Relocatable symbols

DMA1_Channel4_IRQHandler 00000034

Symbol: DMA1_Channel4_IRQHandler
   Definitions
      At line 308 in file ..\libraries\cmsis\cm4\device_support\startup\mdk\sta
rtup_at32f403a_407.s
   Uses
      At line 75 in file ..\libraries\cmsis\cm4\device_support\startup\mdk\star
tup_at32f403a_407.s
      At line 230 in file ..\libraries\cmsis\cm4\device_support\startup\mdk\sta
rtup_at32f403a_407.s

DMA1_Channel5_IRQHandler 00000034

Symbol: DMA1_Channel5_IRQHandler
   Definitions
      At line 309 in file ..\libraries\cmsis\cm4\device_support\startup\mdk\sta
rtup_at32f403a_407.s
   Uses
      At line 76 in file ..\libraries\cmsis\cm4\device_support\startup\mdk\star
tup_at32f403a_407.s
      At line 231 in file ..\libraries\cmsis\cm4\device_support\startup\mdk\sta
rtup_at32f403a_407.s

DMA1_Channel6_IRQHandler 00000034

Symbol: DMA1_Channel6_IRQHandler
   Definitions
      At line 310 in file ..\libraries\cmsis\cm4\device_support\startup\mdk\sta
rtup_at32f403a_407.s
   Uses
      At line 77 in file ..\libraries\cmsis\cm4\device_support\startup\mdk\star
tup_at32f403a_407.s
      At line 232 in file ..\libraries\cmsis\cm4\device_support\startup\mdk\sta
rtup_at32f403a_407.s

DMA1_Channel7_IRQHandler 00000034

Symbol: DMA1_Channel7_IRQHandler
   Definitions
      At line 311 in file ..\libraries\cmsis\cm4\device_support\startup\mdk\sta
rtup_at32f403a_407.s
   Uses
      At line 78 in file ..\libraries\cmsis\cm4\device_support\startup\mdk\star
tup_at32f403a_407.s
      At line 233 in file ..\libraries\cmsis\cm4\device_support\startup\mdk\sta
rtup_at32f403a_407.s

DMA2_Channel1_IRQHandler 00000034

Symbol: DMA2_Channel1_IRQHandler
   Definitions
      At line 350 in file ..\libraries\cmsis\cm4\device_support\startup\mdk\sta
rtup_at32f403a_407.s
   Uses
      At line 117 in file ..\libraries\cmsis\cm4\device_support\startup\mdk\sta
rtup_at32f403a_407.s
      At line 272 in file ..\libraries\cmsis\cm4\device_support\startup\mdk\sta
rtup_at32f403a_407.s



ARM Macro Assembler    Page 5 Alphabetic symbol ordering
Relocatable symbols


DMA2_Channel2_IRQHandler 00000034

Symbol: DMA2_Channel2_IRQHandler
   Definitions
      At line 351 in file ..\libraries\cmsis\cm4\device_support\startup\mdk\sta
rtup_at32f403a_407.s
   Uses
      At line 118 in file ..\libraries\cmsis\cm4\device_support\startup\mdk\sta
rtup_at32f403a_407.s
      At line 273 in file ..\libraries\cmsis\cm4\device_support\startup\mdk\sta
rtup_at32f403a_407.s

DMA2_Channel3_IRQHandler 00000034

Symbol: DMA2_Channel3_IRQHandler
   Definitions
      At line 352 in file ..\libraries\cmsis\cm4\device_support\startup\mdk\sta
rtup_at32f403a_407.s
   Uses
      At line 119 in file ..\libraries\cmsis\cm4\device_support\startup\mdk\sta
rtup_at32f403a_407.s
      At line 274 in file ..\libraries\cmsis\cm4\device_support\startup\mdk\sta
rtup_at32f403a_407.s

DMA2_Channel4_5_IRQHandler 00000034

Symbol: DMA2_Channel4_5_IRQHandler
   Definitions
      At line 353 in file ..\libraries\cmsis\cm4\device_support\startup\mdk\sta
rtup_at32f403a_407.s
   Uses
      At line 120 in file ..\libraries\cmsis\cm4\device_support\startup\mdk\sta
rtup_at32f403a_407.s
      At line 275 in file ..\libraries\cmsis\cm4\device_support\startup\mdk\sta
rtup_at32f403a_407.s

DMA2_Channel6_7_IRQHandler 00000034

Symbol: DMA2_Channel6_7_IRQHandler
   Definitions
      At line 365 in file ..\libraries\cmsis\cm4\device_support\startup\mdk\sta
rtup_at32f403a_407.s
   Uses
      At line 136 in file ..\libraries\cmsis\cm4\device_support\startup\mdk\sta
rtup_at32f403a_407.s
      At line 287 in file ..\libraries\cmsis\cm4\device_support\startup\mdk\sta
rtup_at32f403a_407.s

DebugMon_Handler 0000002E

Symbol: DebugMon_Handler
   Definitions
      At line 201 in file ..\libraries\cmsis\cm4\device_support\startup\mdk\sta
rtup_at32f403a_407.s
   Uses
      At line 55 in file ..\libraries\cmsis\cm4\device_support\startup\mdk\star
tup_at32f403a_407.s
      At line 202 in file ..\libraries\cmsis\cm4\device_support\startup\mdk\sta



ARM Macro Assembler    Page 6 Alphabetic symbol ordering
Relocatable symbols

rtup_at32f403a_407.s

Default_Handler 00000034

Symbol: Default_Handler
   Definitions
      At line 214 in file ..\libraries\cmsis\cm4\device_support\startup\mdk\sta
rtup_at32f403a_407.s
   Uses
      None
Comment: Default_Handler unused
EMAC_IRQHandler 00000034

Symbol: EMAC_IRQHandler
   Definitions
      At line 369 in file ..\libraries\cmsis\cm4\device_support\startup\mdk\sta
rtup_at32f403a_407.s
   Uses
      At line 140 in file ..\libraries\cmsis\cm4\device_support\startup\mdk\sta
rtup_at32f403a_407.s
      At line 291 in file ..\libraries\cmsis\cm4\device_support\startup\mdk\sta
rtup_at32f403a_407.s

EMAC_WKUP_IRQHandler 00000034

Symbol: EMAC_WKUP_IRQHandler
   Definitions
      At line 370 in file ..\libraries\cmsis\cm4\device_support\startup\mdk\sta
rtup_at32f403a_407.s
   Uses
      At line 141 in file ..\libraries\cmsis\cm4\device_support\startup\mdk\sta
rtup_at32f403a_407.s
      At line 292 in file ..\libraries\cmsis\cm4\device_support\startup\mdk\sta
rtup_at32f403a_407.s

EXINT0_IRQHandler 00000034

Symbol: EXINT0_IRQHandler
   Definitions
      At line 300 in file ..\libraries\cmsis\cm4\device_support\startup\mdk\sta
rtup_at32f403a_407.s
   Uses
      At line 67 in file ..\libraries\cmsis\cm4\device_support\startup\mdk\star
tup_at32f403a_407.s
      At line 222 in file ..\libraries\cmsis\cm4\device_support\startup\mdk\sta
rtup_at32f403a_407.s

EXINT15_10_IRQHandler 00000034

Symbol: EXINT15_10_IRQHandler
   Definitions
      At line 334 in file ..\libraries\cmsis\cm4\device_support\startup\mdk\sta
rtup_at32f403a_407.s
   Uses
      At line 101 in file ..\libraries\cmsis\cm4\device_support\startup\mdk\sta
rtup_at32f403a_407.s
      At line 256 in file ..\libraries\cmsis\cm4\device_support\startup\mdk\sta
rtup_at32f403a_407.s




ARM Macro Assembler    Page 7 Alphabetic symbol ordering
Relocatable symbols

EXINT1_IRQHandler 00000034

Symbol: EXINT1_IRQHandler
   Definitions
      At line 301 in file ..\libraries\cmsis\cm4\device_support\startup\mdk\sta
rtup_at32f403a_407.s
   Uses
      At line 68 in file ..\libraries\cmsis\cm4\device_support\startup\mdk\star
tup_at32f403a_407.s
      At line 223 in file ..\libraries\cmsis\cm4\device_support\startup\mdk\sta
rtup_at32f403a_407.s

EXINT2_IRQHandler 00000034

Symbol: EXINT2_IRQHandler
   Definitions
      At line 302 in file ..\libraries\cmsis\cm4\device_support\startup\mdk\sta
rtup_at32f403a_407.s
   Uses
      At line 69 in file ..\libraries\cmsis\cm4\device_support\startup\mdk\star
tup_at32f403a_407.s
      At line 224 in file ..\libraries\cmsis\cm4\device_support\startup\mdk\sta
rtup_at32f403a_407.s

EXINT3_IRQHandler 00000034

Symbol: EXINT3_IRQHandler
   Definitions
      At line 303 in file ..\libraries\cmsis\cm4\device_support\startup\mdk\sta
rtup_at32f403a_407.s
   Uses
      At line 70 in file ..\libraries\cmsis\cm4\device_support\startup\mdk\star
tup_at32f403a_407.s
      At line 225 in file ..\libraries\cmsis\cm4\device_support\startup\mdk\sta
rtup_at32f403a_407.s

EXINT4_IRQHandler 00000034

Symbol: EXINT4_IRQHandler
   Definitions
      At line 304 in file ..\libraries\cmsis\cm4\device_support\startup\mdk\sta
rtup_at32f403a_407.s
   Uses
      At line 71 in file ..\libraries\cmsis\cm4\device_support\startup\mdk\star
tup_at32f403a_407.s
      At line 226 in file ..\libraries\cmsis\cm4\device_support\startup\mdk\sta
rtup_at32f403a_407.s

EXINT9_5_IRQHandler 00000034

Symbol: EXINT9_5_IRQHandler
   Definitions
      At line 317 in file ..\libraries\cmsis\cm4\device_support\startup\mdk\sta
rtup_at32f403a_407.s
   Uses
      At line 84 in file ..\libraries\cmsis\cm4\device_support\startup\mdk\star
tup_at32f403a_407.s
      At line 239 in file ..\libraries\cmsis\cm4\device_support\startup\mdk\sta
rtup_at32f403a_407.s



ARM Macro Assembler    Page 8 Alphabetic symbol ordering
Relocatable symbols


FLASH_IRQHandler 00000034

Symbol: FLASH_IRQHandler
   Definitions
      At line 298 in file ..\libraries\cmsis\cm4\device_support\startup\mdk\sta
rtup_at32f403a_407.s
   Uses
      At line 65 in file ..\libraries\cmsis\cm4\device_support\startup\mdk\star
tup_at32f403a_407.s
      At line 220 in file ..\libraries\cmsis\cm4\device_support\startup\mdk\sta
rtup_at32f403a_407.s

HardFault_Handler 00000024

Symbol: HardFault_Handler
   Definitions
      At line 177 in file ..\libraries\cmsis\cm4\device_support\startup\mdk\sta
rtup_at32f403a_407.s
   Uses
      At line 46 in file ..\libraries\cmsis\cm4\device_support\startup\mdk\star
tup_at32f403a_407.s
      At line 178 in file ..\libraries\cmsis\cm4\device_support\startup\mdk\sta
rtup_at32f403a_407.s

I2C1_ERR_IRQHandler 00000034

Symbol: I2C1_ERR_IRQHandler
   Definitions
      At line 326 in file ..\libraries\cmsis\cm4\device_support\startup\mdk\sta
rtup_at32f403a_407.s
   Uses
      At line 93 in file ..\libraries\cmsis\cm4\device_support\startup\mdk\star
tup_at32f403a_407.s
      At line 248 in file ..\libraries\cmsis\cm4\device_support\startup\mdk\sta
rtup_at32f403a_407.s

I2C1_EVT_IRQHandler 00000034

Symbol: I2C1_EVT_IRQHandler
   Definitions
      At line 325 in file ..\libraries\cmsis\cm4\device_support\startup\mdk\sta
rtup_at32f403a_407.s
   Uses
      At line 92 in file ..\libraries\cmsis\cm4\device_support\startup\mdk\star
tup_at32f403a_407.s
      At line 247 in file ..\libraries\cmsis\cm4\device_support\startup\mdk\sta
rtup_at32f403a_407.s

I2C2_ERR_IRQHandler 00000034

Symbol: I2C2_ERR_IRQHandler
   Definitions
      At line 328 in file ..\libraries\cmsis\cm4\device_support\startup\mdk\sta
rtup_at32f403a_407.s
   Uses
      At line 95 in file ..\libraries\cmsis\cm4\device_support\startup\mdk\star
tup_at32f403a_407.s
      At line 250 in file ..\libraries\cmsis\cm4\device_support\startup\mdk\sta



ARM Macro Assembler    Page 9 Alphabetic symbol ordering
Relocatable symbols

rtup_at32f403a_407.s

I2C2_EVT_IRQHandler 00000034

Symbol: I2C2_EVT_IRQHandler
   Definitions
      At line 327 in file ..\libraries\cmsis\cm4\device_support\startup\mdk\sta
rtup_at32f403a_407.s
   Uses
      At line 94 in file ..\libraries\cmsis\cm4\device_support\startup\mdk\star
tup_at32f403a_407.s
      At line 249 in file ..\libraries\cmsis\cm4\device_support\startup\mdk\sta
rtup_at32f403a_407.s

I2C3_ERR_IRQHandler 00000034

Symbol: I2C3_ERR_IRQHandler
   Definitions
      At line 356 in file ..\libraries\cmsis\cm4\device_support\startup\mdk\sta
rtup_at32f403a_407.s
   Uses
      At line 123 in file ..\libraries\cmsis\cm4\device_support\startup\mdk\sta
rtup_at32f403a_407.s
      At line 278 in file ..\libraries\cmsis\cm4\device_support\startup\mdk\sta
rtup_at32f403a_407.s

I2C3_EVT_IRQHandler 00000034

Symbol: I2C3_EVT_IRQHandler
   Definitions
      At line 355 in file ..\libraries\cmsis\cm4\device_support\startup\mdk\sta
rtup_at32f403a_407.s
   Uses
      At line 122 in file ..\libraries\cmsis\cm4\device_support\startup\mdk\sta
rtup_at32f403a_407.s
      At line 277 in file ..\libraries\cmsis\cm4\device_support\startup\mdk\sta
rtup_at32f403a_407.s

MemManage_Handler 00000026

Symbol: MemManage_Handler
   Definitions
      At line 182 in file ..\libraries\cmsis\cm4\device_support\startup\mdk\sta
rtup_at32f403a_407.s
   Uses
      At line 47 in file ..\libraries\cmsis\cm4\device_support\startup\mdk\star
tup_at32f403a_407.s
      At line 183 in file ..\libraries\cmsis\cm4\device_support\startup\mdk\sta
rtup_at32f403a_407.s

NMI_Handler 00000022

Symbol: NMI_Handler
   Definitions
      At line 172 in file ..\libraries\cmsis\cm4\device_support\startup\mdk\sta
rtup_at32f403a_407.s
   Uses
      At line 45 in file ..\libraries\cmsis\cm4\device_support\startup\mdk\star
tup_at32f403a_407.s



ARM Macro Assembler    Page 10 Alphabetic symbol ordering
Relocatable symbols

      At line 173 in file ..\libraries\cmsis\cm4\device_support\startup\mdk\sta
rtup_at32f403a_407.s

PVM_IRQHandler 00000034

Symbol: PVM_IRQHandler
   Definitions
      At line 295 in file ..\libraries\cmsis\cm4\device_support\startup\mdk\sta
rtup_at32f403a_407.s
   Uses
      At line 62 in file ..\libraries\cmsis\cm4\device_support\startup\mdk\star
tup_at32f403a_407.s
      At line 217 in file ..\libraries\cmsis\cm4\device_support\startup\mdk\sta
rtup_at32f403a_407.s

PendSV_Handler 00000030

Symbol: PendSV_Handler
   Definitions
      At line 205 in file ..\libraries\cmsis\cm4\device_support\startup\mdk\sta
rtup_at32f403a_407.s
   Uses
      At line 57 in file ..\libraries\cmsis\cm4\device_support\startup\mdk\star
tup_at32f403a_407.s
      At line 206 in file ..\libraries\cmsis\cm4\device_support\startup\mdk\sta
rtup_at32f403a_407.s

RTCAlarm_IRQHandler 00000034

Symbol: RTCAlarm_IRQHandler
   Definitions
      At line 335 in file ..\libraries\cmsis\cm4\device_support\startup\mdk\sta
rtup_at32f403a_407.s
   Uses
      At line 102 in file ..\libraries\cmsis\cm4\device_support\startup\mdk\sta
rtup_at32f403a_407.s
      At line 257 in file ..\libraries\cmsis\cm4\device_support\startup\mdk\sta
rtup_at32f403a_407.s

RTC_IRQHandler 00000034

Symbol: RTC_IRQHandler
   Definitions
      At line 297 in file ..\libraries\cmsis\cm4\device_support\startup\mdk\sta
rtup_at32f403a_407.s
   Uses
      At line 64 in file ..\libraries\cmsis\cm4\device_support\startup\mdk\star
tup_at32f403a_407.s
      At line 219 in file ..\libraries\cmsis\cm4\device_support\startup\mdk\sta
rtup_at32f403a_407.s

Reset_Handler 00000000

Symbol: Reset_Handler
   Definitions
      At line 149 in file ..\libraries\cmsis\cm4\device_support\startup\mdk\sta
rtup_at32f403a_407.s
   Uses
      At line 44 in file ..\libraries\cmsis\cm4\device_support\startup\mdk\star



ARM Macro Assembler    Page 11 Alphabetic symbol ordering
Relocatable symbols

tup_at32f403a_407.s
      At line 150 in file ..\libraries\cmsis\cm4\device_support\startup\mdk\sta
rtup_at32f403a_407.s

SDIO1_IRQHandler 00000034

Symbol: SDIO1_IRQHandler
   Definitions
      At line 343 in file ..\libraries\cmsis\cm4\device_support\startup\mdk\sta
rtup_at32f403a_407.s
   Uses
      At line 110 in file ..\libraries\cmsis\cm4\device_support\startup\mdk\sta
rtup_at32f403a_407.s
      At line 265 in file ..\libraries\cmsis\cm4\device_support\startup\mdk\sta
rtup_at32f403a_407.s

SDIO2_IRQHandler 00000034

Symbol: SDIO2_IRQHandler
   Definitions
      At line 354 in file ..\libraries\cmsis\cm4\device_support\startup\mdk\sta
rtup_at32f403a_407.s
   Uses
      At line 121 in file ..\libraries\cmsis\cm4\device_support\startup\mdk\sta
rtup_at32f403a_407.s
      At line 276 in file ..\libraries\cmsis\cm4\device_support\startup\mdk\sta
rtup_at32f403a_407.s

SPI1_IRQHandler 00000034

Symbol: SPI1_IRQHandler
   Definitions
      At line 329 in file ..\libraries\cmsis\cm4\device_support\startup\mdk\sta
rtup_at32f403a_407.s
   Uses
      At line 96 in file ..\libraries\cmsis\cm4\device_support\startup\mdk\star
tup_at32f403a_407.s
      At line 251 in file ..\libraries\cmsis\cm4\device_support\startup\mdk\sta
rtup_at32f403a_407.s

SPI2_I2S2EXT_IRQHandler 00000034

Symbol: SPI2_I2S2EXT_IRQHandler
   Definitions
      At line 330 in file ..\libraries\cmsis\cm4\device_support\startup\mdk\sta
rtup_at32f403a_407.s
   Uses
      At line 97 in file ..\libraries\cmsis\cm4\device_support\startup\mdk\star
tup_at32f403a_407.s
      At line 252 in file ..\libraries\cmsis\cm4\device_support\startup\mdk\sta
rtup_at32f403a_407.s

SPI3_I2S3EXT_IRQHandler 00000034

Symbol: SPI3_I2S3EXT_IRQHandler
   Definitions
      At line 345 in file ..\libraries\cmsis\cm4\device_support\startup\mdk\sta
rtup_at32f403a_407.s
   Uses



ARM Macro Assembler    Page 12 Alphabetic symbol ordering
Relocatable symbols

      At line 112 in file ..\libraries\cmsis\cm4\device_support\startup\mdk\sta
rtup_at32f403a_407.s
      At line 267 in file ..\libraries\cmsis\cm4\device_support\startup\mdk\sta
rtup_at32f403a_407.s

SPI4_IRQHandler 00000034

Symbol: SPI4_IRQHandler
   Definitions
      At line 357 in file ..\libraries\cmsis\cm4\device_support\startup\mdk\sta
rtup_at32f403a_407.s
   Uses
      At line 124 in file ..\libraries\cmsis\cm4\device_support\startup\mdk\sta
rtup_at32f403a_407.s
      At line 279 in file ..\libraries\cmsis\cm4\device_support\startup\mdk\sta
rtup_at32f403a_407.s

SVC_Handler 0000002C

Symbol: SVC_Handler
   Definitions
      At line 196 in file ..\libraries\cmsis\cm4\device_support\startup\mdk\sta
rtup_at32f403a_407.s
   Uses
      At line 54 in file ..\libraries\cmsis\cm4\device_support\startup\mdk\star
tup_at32f403a_407.s
      At line 197 in file ..\libraries\cmsis\cm4\device_support\startup\mdk\sta
rtup_at32f403a_407.s

SysTick_Handler 00000032

Symbol: SysTick_Handler
   Definitions
      At line 209 in file ..\libraries\cmsis\cm4\device_support\startup\mdk\sta
rtup_at32f403a_407.s
   Uses
      At line 58 in file ..\libraries\cmsis\cm4\device_support\startup\mdk\star
tup_at32f403a_407.s
      At line 210 in file ..\libraries\cmsis\cm4\device_support\startup\mdk\sta
rtup_at32f403a_407.s

TAMPER_IRQHandler 00000034

Symbol: TAMPER_IRQHandler
   Definitions
      At line 296 in file ..\libraries\cmsis\cm4\device_support\startup\mdk\sta
rtup_at32f403a_407.s
   Uses
      At line 63 in file ..\libraries\cmsis\cm4\device_support\startup\mdk\star
tup_at32f403a_407.s
      At line 218 in file ..\libraries\cmsis\cm4\device_support\startup\mdk\sta
rtup_at32f403a_407.s

TMR1_BRK_TMR9_IRQHandler 00000034

Symbol: TMR1_BRK_TMR9_IRQHandler
   Definitions
      At line 318 in file ..\libraries\cmsis\cm4\device_support\startup\mdk\sta
rtup_at32f403a_407.s



ARM Macro Assembler    Page 13 Alphabetic symbol ordering
Relocatable symbols

   Uses
      At line 85 in file ..\libraries\cmsis\cm4\device_support\startup\mdk\star
tup_at32f403a_407.s
      At line 240 in file ..\libraries\cmsis\cm4\device_support\startup\mdk\sta
rtup_at32f403a_407.s

TMR1_CH_IRQHandler 00000034

Symbol: TMR1_CH_IRQHandler
   Definitions
      At line 321 in file ..\libraries\cmsis\cm4\device_support\startup\mdk\sta
rtup_at32f403a_407.s
   Uses
      At line 88 in file ..\libraries\cmsis\cm4\device_support\startup\mdk\star
tup_at32f403a_407.s
      At line 243 in file ..\libraries\cmsis\cm4\device_support\startup\mdk\sta
rtup_at32f403a_407.s

TMR1_OVF_TMR10_IRQHandler 00000034

Symbol: TMR1_OVF_TMR10_IRQHandler
   Definitions
      At line 319 in file ..\libraries\cmsis\cm4\device_support\startup\mdk\sta
rtup_at32f403a_407.s
   Uses
      At line 86 in file ..\libraries\cmsis\cm4\device_support\startup\mdk\star
tup_at32f403a_407.s
      At line 241 in file ..\libraries\cmsis\cm4\device_support\startup\mdk\sta
rtup_at32f403a_407.s

TMR1_TRG_HALL_TMR11_IRQHandler 00000034

Symbol: TMR1_TRG_HALL_TMR11_IRQHandler
   Definitions
      At line 320 in file ..\libraries\cmsis\cm4\device_support\startup\mdk\sta
rtup_at32f403a_407.s
   Uses
      At line 87 in file ..\libraries\cmsis\cm4\device_support\startup\mdk\star
tup_at32f403a_407.s
      At line 242 in file ..\libraries\cmsis\cm4\device_support\startup\mdk\sta
rtup_at32f403a_407.s

TMR2_GLOBAL_IRQHandler 00000034

Symbol: TMR2_GLOBAL_IRQHandler
   Definitions
      At line 322 in file ..\libraries\cmsis\cm4\device_support\startup\mdk\sta
rtup_at32f403a_407.s
   Uses
      At line 89 in file ..\libraries\cmsis\cm4\device_support\startup\mdk\star
tup_at32f403a_407.s
      At line 244 in file ..\libraries\cmsis\cm4\device_support\startup\mdk\sta
rtup_at32f403a_407.s

TMR3_GLOBAL_IRQHandler 00000034

Symbol: TMR3_GLOBAL_IRQHandler
   Definitions
      At line 323 in file ..\libraries\cmsis\cm4\device_support\startup\mdk\sta



ARM Macro Assembler    Page 14 Alphabetic symbol ordering
Relocatable symbols

rtup_at32f403a_407.s
   Uses
      At line 90 in file ..\libraries\cmsis\cm4\device_support\startup\mdk\star
tup_at32f403a_407.s
      At line 245 in file ..\libraries\cmsis\cm4\device_support\startup\mdk\sta
rtup_at32f403a_407.s

TMR4_GLOBAL_IRQHandler 00000034

Symbol: TMR4_GLOBAL_IRQHandler
   Definitions
      At line 324 in file ..\libraries\cmsis\cm4\device_support\startup\mdk\sta
rtup_at32f403a_407.s
   Uses
      At line 91 in file ..\libraries\cmsis\cm4\device_support\startup\mdk\star
tup_at32f403a_407.s
      At line 246 in file ..\libraries\cmsis\cm4\device_support\startup\mdk\sta
rtup_at32f403a_407.s

TMR5_GLOBAL_IRQHandler 00000034

Symbol: TMR5_GLOBAL_IRQHandler
   Definitions
      At line 344 in file ..\libraries\cmsis\cm4\device_support\startup\mdk\sta
rtup_at32f403a_407.s
   Uses
      At line 111 in file ..\libraries\cmsis\cm4\device_support\startup\mdk\sta
rtup_at32f403a_407.s
      At line 266 in file ..\libraries\cmsis\cm4\device_support\startup\mdk\sta
rtup_at32f403a_407.s

TMR6_GLOBAL_IRQHandler 00000034

Symbol: TMR6_GLOBAL_IRQHandler
   Definitions
      At line 348 in file ..\libraries\cmsis\cm4\device_support\startup\mdk\sta
rtup_at32f403a_407.s
   Uses
      At line 115 in file ..\libraries\cmsis\cm4\device_support\startup\mdk\sta
rtup_at32f403a_407.s
      At line 270 in file ..\libraries\cmsis\cm4\device_support\startup\mdk\sta
rtup_at32f403a_407.s

TMR7_GLOBAL_IRQHandler 00000034

Symbol: TMR7_GLOBAL_IRQHandler
   Definitions
      At line 349 in file ..\libraries\cmsis\cm4\device_support\startup\mdk\sta
rtup_at32f403a_407.s
   Uses
      At line 116 in file ..\libraries\cmsis\cm4\device_support\startup\mdk\sta
rtup_at32f403a_407.s
      At line 271 in file ..\libraries\cmsis\cm4\device_support\startup\mdk\sta
rtup_at32f403a_407.s

TMR8_BRK_TMR12_IRQHandler 00000034

Symbol: TMR8_BRK_TMR12_IRQHandler
   Definitions



ARM Macro Assembler    Page 15 Alphabetic symbol ordering
Relocatable symbols

      At line 337 in file ..\libraries\cmsis\cm4\device_support\startup\mdk\sta
rtup_at32f403a_407.s
   Uses
      At line 104 in file ..\libraries\cmsis\cm4\device_support\startup\mdk\sta
rtup_at32f403a_407.s
      At line 259 in file ..\libraries\cmsis\cm4\device_support\startup\mdk\sta
rtup_at32f403a_407.s

TMR8_CH_IRQHandler 00000034

Symbol: TMR8_CH_IRQHandler
   Definitions
      At line 340 in file ..\libraries\cmsis\cm4\device_support\startup\mdk\sta
rtup_at32f403a_407.s
   Uses
      At line 107 in file ..\libraries\cmsis\cm4\device_support\startup\mdk\sta
rtup_at32f403a_407.s
      At line 262 in file ..\libraries\cmsis\cm4\device_support\startup\mdk\sta
rtup_at32f403a_407.s

TMR8_OVF_TMR13_IRQHandler 00000034

Symbol: TMR8_OVF_TMR13_IRQHandler
   Definitions
      At line 338 in file ..\libraries\cmsis\cm4\device_support\startup\mdk\sta
rtup_at32f403a_407.s
   Uses
      At line 105 in file ..\libraries\cmsis\cm4\device_support\startup\mdk\sta
rtup_at32f403a_407.s
      At line 260 in file ..\libraries\cmsis\cm4\device_support\startup\mdk\sta
rtup_at32f403a_407.s

TMR8_TRG_HALL_TMR14_IRQHandler 00000034

Symbol: TMR8_TRG_HALL_TMR14_IRQHandler
   Definitions
      At line 339 in file ..\libraries\cmsis\cm4\device_support\startup\mdk\sta
rtup_at32f403a_407.s
   Uses
      At line 106 in file ..\libraries\cmsis\cm4\device_support\startup\mdk\sta
rtup_at32f403a_407.s
      At line 261 in file ..\libraries\cmsis\cm4\device_support\startup\mdk\sta
rtup_at32f403a_407.s

UART4_IRQHandler 00000034

Symbol: UART4_IRQHandler
   Definitions
      At line 346 in file ..\libraries\cmsis\cm4\device_support\startup\mdk\sta
rtup_at32f403a_407.s
   Uses
      At line 113 in file ..\libraries\cmsis\cm4\device_support\startup\mdk\sta
rtup_at32f403a_407.s
      At line 268 in file ..\libraries\cmsis\cm4\device_support\startup\mdk\sta
rtup_at32f403a_407.s

UART5_IRQHandler 00000034

Symbol: UART5_IRQHandler



ARM Macro Assembler    Page 16 Alphabetic symbol ordering
Relocatable symbols

   Definitions
      At line 347 in file ..\libraries\cmsis\cm4\device_support\startup\mdk\sta
rtup_at32f403a_407.s
   Uses
      At line 114 in file ..\libraries\cmsis\cm4\device_support\startup\mdk\sta
rtup_at32f403a_407.s
      At line 269 in file ..\libraries\cmsis\cm4\device_support\startup\mdk\sta
rtup_at32f403a_407.s

UART7_IRQHandler 00000034

Symbol: UART7_IRQHandler
   Definitions
      At line 367 in file ..\libraries\cmsis\cm4\device_support\startup\mdk\sta
rtup_at32f403a_407.s
   Uses
      At line 138 in file ..\libraries\cmsis\cm4\device_support\startup\mdk\sta
rtup_at32f403a_407.s
      At line 289 in file ..\libraries\cmsis\cm4\device_support\startup\mdk\sta
rtup_at32f403a_407.s

UART8_IRQHandler 00000034

Symbol: UART8_IRQHandler
   Definitions
      At line 368 in file ..\libraries\cmsis\cm4\device_support\startup\mdk\sta
rtup_at32f403a_407.s
   Uses
      At line 139 in file ..\libraries\cmsis\cm4\device_support\startup\mdk\sta
rtup_at32f403a_407.s
      At line 290 in file ..\libraries\cmsis\cm4\device_support\startup\mdk\sta
rtup_at32f403a_407.s

USART1_IRQHandler 00000034

Symbol: USART1_IRQHandler
   Definitions
      At line 331 in file ..\libraries\cmsis\cm4\device_support\startup\mdk\sta
rtup_at32f403a_407.s
   Uses
      At line 98 in file ..\libraries\cmsis\cm4\device_support\startup\mdk\star
tup_at32f403a_407.s
      At line 253 in file ..\libraries\cmsis\cm4\device_support\startup\mdk\sta
rtup_at32f403a_407.s

USART2_IRQHandler 00000034

Symbol: USART2_IRQHandler
   Definitions
      At line 332 in file ..\libraries\cmsis\cm4\device_support\startup\mdk\sta
rtup_at32f403a_407.s
   Uses
      At line 99 in file ..\libraries\cmsis\cm4\device_support\startup\mdk\star
tup_at32f403a_407.s
      At line 254 in file ..\libraries\cmsis\cm4\device_support\startup\mdk\sta
rtup_at32f403a_407.s

USART3_IRQHandler 00000034




ARM Macro Assembler    Page 17 Alphabetic symbol ordering
Relocatable symbols

Symbol: USART3_IRQHandler
   Definitions
      At line 333 in file ..\libraries\cmsis\cm4\device_support\startup\mdk\sta
rtup_at32f403a_407.s
   Uses
      At line 100 in file ..\libraries\cmsis\cm4\device_support\startup\mdk\sta
rtup_at32f403a_407.s
      At line 255 in file ..\libraries\cmsis\cm4\device_support\startup\mdk\sta
rtup_at32f403a_407.s

USART6_IRQHandler 00000034

Symbol: USART6_IRQHandler
   Definitions
      At line 366 in file ..\libraries\cmsis\cm4\device_support\startup\mdk\sta
rtup_at32f403a_407.s
   Uses
      At line 137 in file ..\libraries\cmsis\cm4\device_support\startup\mdk\sta
rtup_at32f403a_407.s
      At line 288 in file ..\libraries\cmsis\cm4\device_support\startup\mdk\sta
rtup_at32f403a_407.s

USBFSWakeUp_IRQHandler 00000034

Symbol: USBFSWakeUp_IRQHandler
   Definitions
      At line 336 in file ..\libraries\cmsis\cm4\device_support\startup\mdk\sta
rtup_at32f403a_407.s
   Uses
      At line 103 in file ..\libraries\cmsis\cm4\device_support\startup\mdk\sta
rtup_at32f403a_407.s
      At line 258 in file ..\libraries\cmsis\cm4\device_support\startup\mdk\sta
rtup_at32f403a_407.s

USBFS_H_CAN1_TX_IRQHandler 00000034

Symbol: USBFS_H_CAN1_TX_IRQHandler
   Definitions
      At line 313 in file ..\libraries\cmsis\cm4\device_support\startup\mdk\sta
rtup_at32f403a_407.s
   Uses
      At line 80 in file ..\libraries\cmsis\cm4\device_support\startup\mdk\star
tup_at32f403a_407.s
      At line 235 in file ..\libraries\cmsis\cm4\device_support\startup\mdk\sta
rtup_at32f403a_407.s

USBFS_L_CAN1_RX0_IRQHandler 00000034

Symbol: USBFS_L_CAN1_RX0_IRQHandler
   Definitions
      At line 314 in file ..\libraries\cmsis\cm4\device_support\startup\mdk\sta
rtup_at32f403a_407.s
   Uses
      At line 81 in file ..\libraries\cmsis\cm4\device_support\startup\mdk\star
tup_at32f403a_407.s
      At line 236 in file ..\libraries\cmsis\cm4\device_support\startup\mdk\sta
rtup_at32f403a_407.s

USBFS_MAPH_IRQHandler 00000034



ARM Macro Assembler    Page 18 Alphabetic symbol ordering
Relocatable symbols


Symbol: USBFS_MAPH_IRQHandler
   Definitions
      At line 363 in file ..\libraries\cmsis\cm4\device_support\startup\mdk\sta
rtup_at32f403a_407.s
   Uses
      At line 134 in file ..\libraries\cmsis\cm4\device_support\startup\mdk\sta
rtup_at32f403a_407.s
      At line 285 in file ..\libraries\cmsis\cm4\device_support\startup\mdk\sta
rtup_at32f403a_407.s

USBFS_MAPL_IRQHandler 00000034

Symbol: USBFS_MAPL_IRQHandler
   Definitions
      At line 364 in file ..\libraries\cmsis\cm4\device_support\startup\mdk\sta
rtup_at32f403a_407.s
   Uses
      At line 135 in file ..\libraries\cmsis\cm4\device_support\startup\mdk\sta
rtup_at32f403a_407.s
      At line 286 in file ..\libraries\cmsis\cm4\device_support\startup\mdk\sta
rtup_at32f403a_407.s

UsageFault_Handler 0000002A

Symbol: UsageFault_Handler
   Definitions
      At line 192 in file ..\libraries\cmsis\cm4\device_support\startup\mdk\sta
rtup_at32f403a_407.s
   Uses
      At line 49 in file ..\libraries\cmsis\cm4\device_support\startup\mdk\star
tup_at32f403a_407.s
      At line 193 in file ..\libraries\cmsis\cm4\device_support\startup\mdk\sta
rtup_at32f403a_407.s

WWDT_IRQHandler 00000034

Symbol: WWDT_IRQHandler
   Definitions
      At line 294 in file ..\libraries\cmsis\cm4\device_support\startup\mdk\sta
rtup_at32f403a_407.s
   Uses
      At line 61 in file ..\libraries\cmsis\cm4\device_support\startup\mdk\star
tup_at32f403a_407.s
      At line 216 in file ..\libraries\cmsis\cm4\device_support\startup\mdk\sta
rtup_at32f403a_407.s

XMC_IRQHandler 00000034

Symbol: XMC_IRQHandler
   Definitions
      At line 342 in file ..\libraries\cmsis\cm4\device_support\startup\mdk\sta
rtup_at32f403a_407.s
   Uses
      At line 109 in file ..\libraries\cmsis\cm4\device_support\startup\mdk\sta
rtup_at32f403a_407.s
      At line 264 in file ..\libraries\cmsis\cm4\device_support\startup\mdk\sta
rtup_at32f403a_407.s




ARM Macro Assembler    Page 19 Alphabetic symbol ordering
Relocatable symbols

__user_initial_stackheap 00000038

Symbol: __user_initial_stackheap
   Definitions
      At line 391 in file ..\libraries\cmsis\cm4\device_support\startup\mdk\sta
rtup_at32f403a_407.s
   Uses
      At line 389 in file ..\libraries\cmsis\cm4\device_support\startup\mdk\sta
rtup_at32f403a_407.s
Comment: __user_initial_stackheap used once
90 symbols



ARM Macro Assembler    Page 1 Alphabetic symbol ordering
Absolute symbols

Heap_Size 00000600

Symbol: Heap_Size
   Definitions
      At line 26 in file ..\libraries\cmsis\cm4\device_support\startup\mdk\star
tup_at32f403a_407.s
   Uses
      At line 30 in file ..\libraries\cmsis\cm4\device_support\startup\mdk\star
tup_at32f403a_407.s
      At line 395 in file ..\libraries\cmsis\cm4\device_support\startup\mdk\sta
rtup_at32f403a_407.s

Stack_Size 00002000

Symbol: Stack_Size
   Definitions
      At line 16 in file ..\libraries\cmsis\cm4\device_support\startup\mdk\star
tup_at32f403a_407.s
   Uses
      At line 19 in file ..\libraries\cmsis\cm4\device_support\startup\mdk\star
tup_at32f403a_407.s
      At line 394 in file ..\libraries\cmsis\cm4\device_support\startup\mdk\sta
rtup_at32f403a_407.s

__Vectors_Size 00000184

Symbol: __Vectors_Size
   Definitions
      At line 144 in file ..\libraries\cmsis\cm4\device_support\startup\mdk\sta
rtup_at32f403a_407.s
   Uses
      At line 41 in file ..\libraries\cmsis\cm4\device_support\startup\mdk\star
tup_at32f403a_407.s
Comment: __Vectors_Size used once
3 symbols



ARM Macro Assembler    Page 1 Alphabetic symbol ordering
External symbols

Extend_SRAM 00000000

Symbol: Extend_SRAM
   Definitions
      At line 155 in file ..\libraries\cmsis\cm4\device_support\startup\mdk\sta
rtup_at32f403a_407.s
   Uses
      At line 158 in file ..\libraries\cmsis\cm4\device_support\startup\mdk\sta
rtup_at32f403a_407.s
Comment: Extend_SRAM used once
SystemInit 00000000

Symbol: SystemInit
   Definitions
      At line 152 in file ..\libraries\cmsis\cm4\device_support\startup\mdk\sta
rtup_at32f403a_407.s
   Uses
      At line 164 in file ..\libraries\cmsis\cm4\device_support\startup\mdk\sta
rtup_at32f403a_407.s
Comment: SystemInit used once
__main 00000000

Symbol: __main
   Definitions
      At line 151 in file ..\libraries\cmsis\cm4\device_support\startup\mdk\sta
rtup_at32f403a_407.s
   Uses
      At line 166 in file ..\libraries\cmsis\cm4\device_support\startup\mdk\sta
rtup_at32f403a_407.s
Comment: __main used once
__use_two_region_memory 00000000

Symbol: __use_two_region_memory
   Definitions
      At line 388 in file ..\libraries\cmsis\cm4\device_support\startup\mdk\sta
rtup_at32f403a_407.s
   Uses
      None
Comment: __use_two_region_memory unused
4 symbols
444 symbols in table
